0 info it worked if it ends with ok
1 verbose cli [ '/usr/local/bin/node',
1 verbose cli   '/usr/local/bin/npm',
1 verbose cli   'install',
1 verbose cli   '--save',
1 verbose cli   'static-serve' ]
2 info using npm@2.9.1
3 info using node@v0.12.3
4 verbose install initial load of /home/jacko/NODE_SERVER/node_modules/selfexjs/package.json
5 verbose installManyTop reading scoped package data from /home/jacko/NODE_SERVER/node_modules/selfexjs/node_modules/async/package.json
6 verbose installManyTop reading scoped package data from /home/jacko/NODE_SERVER/node_modules/selfexjs/node_modules/body-parser/package.json
7 verbose installManyTop reading scoped package data from /home/jacko/NODE_SERVER/node_modules/selfexjs/node_modules/cookie-parser/package.json
8 verbose installManyTop reading scoped package data from /home/jacko/NODE_SERVER/node_modules/selfexjs/node_modules/express/package.json
9 verbose installManyTop reading scoped package data from /home/jacko/NODE_SERVER/node_modules/selfexjs/node_modules/morgan/package.json
10 verbose installManyTop reading scoped package data from /home/jacko/NODE_SERVER/node_modules/selfexjs/node_modules/multer/package.json
11 verbose installManyTop reading scoped package data from /home/jacko/NODE_SERVER/node_modules/selfexjs/node_modules/serve-favicon/package.json
12 verbose installManyTop reading scoped package data from /home/jacko/NODE_SERVER/node_modules/selfexjs/node_modules/serve-static/package.json
13 verbose installManyTop reading scoped package data from /home/jacko/NODE_SERVER/node_modules/selfexjs/node_modules/uglify-js/package.json
14 verbose readDependencies loading dependencies from /home/jacko/NODE_SERVER/node_modules/selfexjs/package.json
15 silly cache add args [ 'static-serve', null ]
16 verbose cache add spec static-serve
17 silly cache add parsed spec { raw: 'static-serve',
17 silly cache add   scope: null,
17 silly cache add   name: 'static-serve',
17 silly cache add   rawSpec: '',
17 silly cache add   spec: '*',
17 silly cache add   type: 'range' }
18 silly addNamed static-serve@*
19 verbose addNamed "*" is a valid semver range for static-serve
20 silly addNameRange { name: 'static-serve', range: '*', hasData: false }
21 silly mapToRegistry name static-serve
22 silly mapToRegistry using default registry
23 silly mapToRegistry registry https://registry.npmjs.org/
24 silly mapToRegistry uri https://registry.npmjs.org/static-serve
25 verbose addNameRange registry:https://registry.npmjs.org/static-serve not in flight; fetching
26 verbose request uri https://registry.npmjs.org/static-serve
27 verbose request no auth needed
28 info attempt registry request try #1 at 2:56:56 PM
29 verbose request using bearer token for auth
30 verbose request id d91b2563023e59ef
31 http request GET https://registry.npmjs.org/static-serve
32 http 404 https://registry.npmjs.org/static-serve
33 verbose headers { server: 'CouchDB/1.5.0 (Erlang OTP/R16B03)',
33 verbose headers   'content-type': 'application/json',
33 verbose headers   'cache-control': 'max-age=0',
33 verbose headers   'content-length': '51',
33 verbose headers   'accept-ranges': 'bytes',
33 verbose headers   date: 'Sun, 12 Jul 2015 13:57:24 GMT',
33 verbose headers   via: '1.1 varnish',
33 verbose headers   connection: 'keep-alive',
33 verbose headers   'x-served-by': 'cache-ams4126-AMS',
33 verbose headers   'x-cache': 'MISS',
33 verbose headers   'x-cache-hits': '0',
33 verbose headers   'x-timer': 'S1436709443.821172,VS0,VE696' }
34 silly get cb [ 404,
34 silly get   { server: 'CouchDB/1.5.0 (Erlang OTP/R16B03)',
34 silly get     'content-type': 'application/json',
34 silly get     'cache-control': 'max-age=0',
34 silly get     'content-length': '51',
34 silly get     'accept-ranges': 'bytes',
34 silly get     date: 'Sun, 12 Jul 2015 13:57:24 GMT',
34 silly get     via: '1.1 varnish',
34 silly get     connection: 'keep-alive',
34 silly get     'x-served-by': 'cache-ams4126-AMS',
34 silly get     'x-cache': 'MISS',
34 silly get     'x-cache-hits': '0',
34 silly get     'x-timer': 'S1436709443.821172,VS0,VE696' } ]
35 verbose stack Error: 404 Not Found: static-serve
35 verbose stack     at CachingRegistryClient.<anonymous> (/usr/local/lib/node_modules/npm/node_modules/npm-registry-client/lib/request.js:245:14)
35 verbose stack     at Request._callback (/usr/local/lib/node_modules/npm/node_modules/npm-registry-client/lib/request.js:170:14)
35 verbose stack     at Request.self.callback (/usr/local/lib/node_modules/npm/node_modules/request/request.js:368:22)
35 verbose stack     at Request.emit (events.js:110:17)
35 verbose stack     at Request.<anonymous> (/usr/local/lib/node_modules/npm/node_modules/request/request.js:1219:14)
35 verbose stack     at Request.emit (events.js:129:20)
35 verbose stack     at IncomingMessage.<anonymous> (/usr/local/lib/node_modules/npm/node_modules/request/request.js:1167:12)
35 verbose stack     at IncomingMessage.emit (events.js:129:20)
35 verbose stack     at _stream_readable.js:908:16
35 verbose stack     at process._tickCallback (node.js:355:11)
36 verbose statusCode 404
37 verbose pkgid static-serve
38 verbose cwd /home/jacko/NODE_SERVER/node_modules/selfexjs
39 error Linux 3.16.0-4-686-pae
40 error argv "/usr/local/bin/node" "/usr/local/bin/npm" "install" "--save" "static-serve"
41 error node v0.12.3
42 error npm  v2.9.1
43 error code E404
44 error 404 Not Found: static-serve
44 error 404
44 error 404 'static-serve' is not in the npm registry.
44 error 404 You should bug the author to publish it (or use the name yourself!)
44 error 404 It was specified as a dependency of 'selfexjs'
44 error 404
44 error 404 Note that you can also install from a
44 error 404 tarball, folder, http url, or git url.
45 verbose exit [ 1, true ]
